2023-08-29 17:58 INFO  core.xmlcontroller :
                 jdbc:h2:./main2_2023	junapp	 
2023-08-29 17:58 INFO  core.xmlcontroller :
                 5 
2023-08-29 17:58 INFO  core.xmlcontroller :
                 [2501, t25, 12] 
2023-08-29 17:58 INFO  core.xmlcontroller :
                 [2502, t25, 12] 
2023-08-29 17:58 INFO  core.xmlcontroller :
                 [2503, t25, 12] 
2023-08-29 17:58 INFO  core.xmlcontroller :
                 [2504, t25, 12] 
2023-08-29 17:58 INFO  core.xmlcontroller :
                 [2505, t25, 10] 
2023-08-29 17:58 DEBUG core.xmlcontroller :
                 day:2020/11/24 
2023-08-29 17:58 DEBUG core.xmlcontroller :
                 photopath;photos/hirooka/photo210323 
2023-08-29 17:58 DEBUG core.xmlcontroller :
                 2501 
2023-08-29 17:58 DEBUG core.xmlcontroller :
                 rotno:2501	photo;[P1030166.JPG, P1030167.JPG] 
2023-08-29 17:58 DEBUG core.xmlcontroller :
                 PALLET_ID_ORDERED 
2023-08-29 17:58 DEBUG core.xmlcontroller :
                 rotno:9999	photo;[P1030166.JPG, P1030167.JPG] 
2023-08-29 17:58 DEBUG core.xmlcontroller :
                 2501-02R 
2023-08-29 17:58 DEBUG core.xmlcontroller :
                 2501-03R 
2023-08-29 17:58 DEBUG core.xmlcontroller :
                 2501-04R 
2023-08-29 17:58 DEBUG core.xmlcontroller :
                 2501-02R 
2023-08-29 17:58 DEBUG core.xmlcontroller :
                 2501-03R 
2023-08-29 17:58 DEBUG core.xmlcontroller :
                 2501-04R 
2023-08-29 17:58 DEBUG core.xmlcontroller :
                 2501-06R 
2023-08-29 17:58 DEBUG core.xmlcontroller :
                 2501-06R 
2023-08-29 17:58 INFO  core.xmlcontroller :
                 Input Inspection at DAY:2020/11/24 
2023-08-29 17:58 INFO  core.xmlcontroller :
                 Creating Inspection Report at DAY:2020/11/24 
2023-08-29 17:58 INFO  core.WordWriter :
                 File Not Found: photos/hirooka/photo210323p1030166.jpg 
2023-08-29 17:58 INFO  core.WordWriter :
                 File Not Found: photos/hirooka/photo210323p1030167.jpg 
2023-08-29 17:58 INFO  core.WordWriter :
                 File Not Found: photos/hirooka/photo210323p1030166.jpg 
2023-08-29 17:58 INFO  core.WordWriter :
                 File Not Found: photos/hirooka/photo210323p1030167.jpg 
2023-08-29 17:58 INFO  core.WordWriter :
                 File Not Found: photos/hirooka/photo210323p1030166.jpg 
2023-08-29 17:58 INFO  core.WordWriter :
                 File Not Found: photos/hirooka/photo210323p1030167.jpg 
2023-08-29 17:58 INFO  core.WordWriter :
                 File Not Found: photos/hirooka/photo210323p1030166.jpg 
2023-08-29 17:58 INFO  core.WordWriter :
                 File Not Found: photos/hirooka/photo210323p1030167.jpg 
2023-08-29 17:58 INFO  core.WordWriter :
                 File Not Found: photos/hirooka/photo210323p1030166.jpg 
2023-08-29 17:58 INFO  core.WordWriter :
                 File Not Found: photos/hirooka/photo210323p1030167.jpg 
2023-08-29 17:58 INFO  core.WordWriter :
                 File Not Found: photos/hirooka/photo210323p1030166.jpg 
2023-08-29 17:58 INFO  core.WordWriter :
                 File Not Found: photos/hirooka/photo210323p1030167.jpg 
2023-08-29 17:58 INFO  core.WordWriter :
                 File Not Found: photos/hirooka/photo210323p1030166.jpg 
2023-08-29 17:58 INFO  core.WordWriter :
                 File Not Found: photos/hirooka/photo210323p1030167.jpg 
2023-08-29 17:58 INFO  core.WordWriter :
                 File Not Found: photos/hirooka/photo210323p1030166.jpg 
2023-08-29 17:58 INFO  core.WordWriter :
                 File Not Found: photos/hirooka/photo210323p1030167.jpg 
2023-08-29 17:58 INFO  core.WordWriter :
                 File Not Found: photos/hirooka/photo210323p1030166.jpg 
2023-08-29 17:58 INFO  core.WordWriter :
                 File Not Found: photos/hirooka/photo210323p1030167.jpg 
2023-08-29 17:58 INFO  core.WordWriter :
                 File Not Found: photos/hirooka/photo210323p1030166.jpg 
2023-08-29 17:58 INFO  core.WordWriter :
                 File Not Found: photos/hirooka/photo210323p1030167.jpg 
2023-08-29 17:58 INFO  core.WordWriter :
                 File Not Found: photos/hirooka/photo210323p1030166.jpg 
2023-08-29 17:58 INFO  core.WordWriter :
                 File Not Found: photos/hirooka/photo210323p1030167.jpg 
2023-08-29 17:58 INFO  core.WordWriter :
                 File Not Found: photos/hirooka/photo210323p1030166.jpg 
2023-08-29 17:58 INFO  core.WordWriter :
                 File Not Found: photos/hirooka/photo210323p1030167.jpg 
2023-08-29 17:58 INFO  core.WordWriter :
                 Done. See output/2020-11-24_unRepaired.doc 
2023-08-29 17:58 INFO  core.WordWriter :
                 Done. See output/2020-11-24.doc 
2023-08-29 17:58 INFO  core.xmlcontroller :
                 Creating Cumulative Inspection Report at DAY:2020/11/24 
2023-08-29 17:58 INFO  core.WordWriter :
                 Done. See output/allresult.doc 
