2023-03-18 00:01 DEBUG core.xmlcontroller :
                 day:2020/11/24 
2023-03-18 00:01 DEBUG core.xmlcontroller :
                 photopath;photos/hirooka/photo210323 
2023-03-18 00:01 DEBUG core.xmlcontroller :
                 rotno:2501	photo;[P1030166.JPG, P1030167.JPG] 
2023-03-18 00:01 DEBUG core.xmlcontroller :
                 rotno:9999	photo;[P1030166.JPG, P1030167.JPG] 
2023-03-18 00:01 DEBUG core.xmlcontroller :
                 2501-02R 
2023-03-18 00:01 DEBUG core.xmlcontroller :
                 2501-03R 
2023-03-18 00:01 DEBUG core.xmlcontroller :
                 2501-04R 
2023-03-18 00:01 DEBUG core.xmlcontroller :
                 2501-02R 
2023-03-18 00:01 DEBUG core.xmlcontroller :
                 2501-03R 
2023-03-18 00:01 DEBUG core.xmlcontroller :
                 2501-04R 
2023-03-18 00:01 DEBUG core.xmlcontroller :
                 2501-06R 
2023-03-18 00:01 DEBUG core.xmlcontroller :
                 2501-06R 
